[Mon Apr 13 15:38:39.179299 2015] [mpm_winnt:notice] [pid 7228:tid 660] AH00455: Apache/2.4.12 (Win32) PHP/5.4.39 configured -- resuming normal operations
[Mon Apr 13 15:38:39.180299 2015] [mpm_winnt:notice] [pid 7228:tid 660] AH00456: Apache Lounge VC10 Server built: Mar 22 2015 13:04:01
[Mon Apr 13 15:38:39.180299 2015] [core:notice] [pid 7228:tid 660] AH00094: Command line: 'G:\\RMIT\\Building_IT_Systems\\Github_BITS_PupilRadio\\UniServerZ\\core\\apache2\\bin\\httpd_z.exe -d G:/RMIT/Building_IT_Systems/Github_BITS_PupilRadio/UniServerZ/core/apache2 -f G:\\RMIT\\Building_IT_Systems\\Github_BITS_PupilRadio\\UniServerZ\\core\\apache2\\conf\\httpd.conf -d G:\\RMIT\\Building_IT_Systems\\Github_BITS_PupilRadio\\UniServerZ\\core\\apache2'
[Mon Apr 13 15:38:39.238340 2015] [mpm_winnt:notice] [pid 7228:tid 660] AH00418: Parent: Created child process 7132
[Mon Apr 13 15:38:55.130281 2015] [mpm_winnt:notice] [pid 7132:tid 632] AH00354: Child: Starting 150 worker threads.
[Mon Apr 13 16:12:22.318772 2015] [core:warn] [pid 11564:tid 328] AH00098: pid file G:/RMIT/Building_IT_Systems/Github_BITS_PupilRadio/UniServerZ/core/apache2/logs/httpd.pid overwritten -- Unclean shutdown of previous Apache run?
[Mon Apr 13 16:12:25.316772 2015] [mpm_winnt:notice] [pid 11564:tid 328] AH00455: Apache/2.4.12 (Win32) PHP/5.4.39 configured -- resuming normal operations
[Mon Apr 13 16:12:25.317773 2015] [mpm_winnt:notice] [pid 11564:tid 328] AH00456: Apache Lounge VC10 Server built: Mar 22 2015 13:04:01
[Mon Apr 13 16:12:25.317773 2015] [core:notice] [pid 11564:tid 328] AH00094: Command line: 'G:\\RMIT\\Building_IT_Systems\\Github_BITS_PupilRadio\\UniServerZ\\core\\apache2\\bin\\httpd_z.exe -d G:/RMIT/Building_IT_Systems/Github_BITS_PupilRadio/UniServerZ/core/apache2 -f G:\\RMIT\\Building_IT_Systems\\Github_BITS_PupilRadio\\UniServerZ\\core\\apache2\\conf\\httpd.conf -d G:\\RMIT\\Building_IT_Systems\\Github_BITS_PupilRadio\\UniServerZ\\core\\apache2'
[Mon Apr 13 16:12:25.336787 2015] [mpm_winnt:notice] [pid 11564:tid 328] AH00418: Parent: Created child process 9392
[Mon Apr 13 16:12:40.834102 2015] [mpm_winnt:notice] [pid 9392:tid 664] AH00354: Child: Starting 150 worker threads.
[Thu Apr 23 20:50:27.753079 2015] [core:warn] [pid 11176:tid 424] AH00098: pid file G:/RMIT/Building_IT_Systems/Github_BITS_PupilRadio/BitsPupilRadio/UniServerZ/core/apache2/logs/httpd.pid overwritten -- Unclean shutdown of previous Apache run?
[Thu Apr 23 20:50:30.999274 2015] [mpm_winnt:notice] [pid 11176:tid 424] AH00455: Apache/2.4.12 (Win32) PHP/5.4.39 configured -- resuming normal operations
[Thu Apr 23 20:50:30.999274 2015] [mpm_winnt:notice] [pid 11176:tid 424] AH00456: Apache Lounge VC10 Server built: Mar 22 2015 13:04:01
[Thu Apr 23 20:50:30.999274 2015] [core:notice] [pid 11176:tid 424] AH00094: Command line: 'G:\\RMIT\\Building_IT_Systems\\Github_BITS_PupilRadio\\BitsPupilRadio\\UniServerZ\\core\\apache2\\bin\\httpd_z.exe -d G:/RMIT/Building_IT_Systems/Github_BITS_PupilRadio/BitsPupilRadio/UniServerZ/core/apache2 -f G:\\RMIT\\Building_IT_Systems\\Github_BITS_PupilRadio\\BitsPupilRadio\\UniServerZ\\core\\apache2\\conf\\httpd.conf -d G:\\RMIT\\Building_IT_Systems\\Github_BITS_PupilRadio\\BitsPupilRadio\\UniServerZ\\core\\apache2'
[Thu Apr 23 20:50:31.009288 2015] [mpm_winnt:notice] [pid 11176:tid 424] AH00418: Parent: Created child process 2824
[Thu Apr 23 20:50:43.026955 2015] [mpm_winnt:notice] [pid 2824:tid 644] AH00354: Child: Starting 150 worker threads.
[Thu Apr 23 22:24:29.950360 2015] [core:warn] [pid 9920:tid 44] AH00098: pid file G:/RMIT/Building_IT_Systems/Github_BITS_PupilRadio/BitsPupilRadio/UniServerZ/core/apache2/logs/httpd.pid overwritten -- Unclean shutdown of previous Apache run?
[Thu Apr 23 22:24:31.301556 2015] [mpm_winnt:notice] [pid 9920:tid 44] AH00455: Apache/2.4.12 (Win32) PHP/5.4.39 configured -- resuming normal operations
[Thu Apr 23 22:24:31.301556 2015] [mpm_winnt:notice] [pid 9920:tid 44] AH00456: Apache Lounge VC10 Server built: Mar 22 2015 13:04:01
[Thu Apr 23 22:24:31.301556 2015] [core:notice] [pid 9920:tid 44] AH00094: Command line: 'G:\\RMIT\\Building_IT_Systems\\Github_BITS_PupilRadio\\BitsPupilRadio\\UniServerZ\\core\\apache2\\bin\\httpd_z.exe -d G:/RMIT/Building_IT_Systems/Github_BITS_PupilRadio/BitsPupilRadio/UniServerZ/core/apache2 -f G:\\RMIT\\Building_IT_Systems\\Github_BITS_PupilRadio\\BitsPupilRadio\\UniServerZ\\core\\apache2\\conf\\httpd.conf -d G:\\RMIT\\Building_IT_Systems\\Github_BITS_PupilRadio\\BitsPupilRadio\\UniServerZ\\core\\apache2'
[Thu Apr 23 22:24:31.310565 2015] [mpm_winnt:notice] [pid 9920:tid 44] AH00418: Parent: Created child process 7524
[Thu Apr 23 22:24:41.515927 2015] [mpm_winnt:notice] [pid 7524:tid 700] AH00354: Child: Starting 150 worker threads.
[Thu Apr 23 22:28:41.498189 2015] [core:warn] [pid 6160:tid 392] AH00098: pid file G:/RMIT/Building_IT_Systems/Github_BITS_PupilRadio/BitsPupilRadio/UniServerZ/core/apache2/logs/httpd.pid overwritten -- Unclean shutdown of previous Apache run?
[Thu Apr 23 22:28:42.868072 2015] [mpm_winnt:notice] [pid 6160:tid 392] AH00455: Apache/2.4.12 (Win32) PHP/5.4.39 configured -- resuming normal operations
[Thu Apr 23 22:28:42.868072 2015] [mpm_winnt:notice] [pid 6160:tid 392] AH00456: Apache Lounge VC10 Server built: Mar 22 2015 13:04:01
[Thu Apr 23 22:28:42.868072 2015] [core:notice] [pid 6160:tid 392] AH00094: Command line: 'G:\\RMIT\\Building_IT_Systems\\Github_BITS_PupilRadio\\BitsPupilRadio\\UniServerZ\\core\\apache2\\bin\\httpd_z.exe -d G:/RMIT/Building_IT_Systems/Github_BITS_PupilRadio/BitsPupilRadio/UniServerZ/core/apache2 -f G:\\RMIT\\Building_IT_Systems\\Github_BITS_PupilRadio\\BitsPupilRadio\\UniServerZ\\core\\apache2\\conf\\httpd.conf -d G:\\RMIT\\Building_IT_Systems\\Github_BITS_PupilRadio\\BitsPupilRadio\\UniServerZ\\core\\apache2'
[Thu Apr 23 22:28:42.880077 2015] [mpm_winnt:notice] [pid 6160:tid 392] AH00418: Parent: Created child process 3516
[Thu Apr 23 22:28:52.975824 2015] [mpm_winnt:notice] [pid 3516:tid 648] AH00354: Child: Starting 150 worker threads.
[Fri Apr 24 09:15:05.956164 2015] [core:warn] [pid 2156:tid 364] AH00098: pid file G:/RMIT/Building_IT_Systems/Github_BITS_PupilRadio/BitsPupilRadio/UniServerZ/core/apache2/logs/httpd.pid overwritten -- Unclean shutdown of previous Apache run?
[Fri Apr 24 09:15:07.385020 2015] [mpm_winnt:notice] [pid 2156:tid 364] AH00455: Apache/2.4.12 (Win32) PHP/5.4.39 configured -- resuming normal operations
[Fri Apr 24 09:15:07.385020 2015] [mpm_winnt:notice] [pid 2156:tid 364] AH00456: Apache Lounge VC10 Server built: Mar 22 2015 13:04:01
[Fri Apr 24 09:15:07.385020 2015] [core:notice] [pid 2156:tid 364] AH00094: Command line: 'G:\\RMIT\\Building_IT_Systems\\Github_BITS_PupilRadio\\BitsPupilRadio\\UniServerZ\\core\\apache2\\bin\\httpd_z.exe -d G:/RMIT/Building_IT_Systems/Github_BITS_PupilRadio/BitsPupilRadio/UniServerZ/core/apache2 -f G:\\RMIT\\Building_IT_Systems\\Github_BITS_PupilRadio\\BitsPupilRadio\\UniServerZ\\core\\apache2\\conf\\httpd.conf -d G:\\RMIT\\Building_IT_Systems\\Github_BITS_PupilRadio\\BitsPupilRadio\\UniServerZ\\core\\apache2'
[Fri Apr 24 09:15:07.399030 2015] [mpm_winnt:notice] [pid 2156:tid 364] AH00418: Parent: Created child process 10284
[Fri Apr 24 09:15:13.800828 2015] [mpm_winnt:notice] [pid 10284:tid 656] AH00354: Child: Starting 150 worker threads.
[Fri Apr 24 09:15:13.828966 2015] [:error] [pid 10284:tid 1880] [client ::1:60426] script 'G:/RMIT/Building_IT_Systems/Github_BITS_PupilRadio/BitsPupilRadio/UniServerZ/www/index.php' not found or unable to stat
[Fri Apr 24 12:02:49.056269 2015] [:error] [pid 10284:tid 1880] [client ::1:61226] script 'G:/RMIT/Building_IT_Systems/Github_BITS_PupilRadio/BitsPupilRadio/UniServerZ/www/index.php' not found or unable to stat
[Fri Apr 24 12:17:18.233550 2015] [:error] [pid 10284:tid 1860] [client ::1:61347] script 'G:/RMIT/Building_IT_Systems/Github_BITS_PupilRadio/BitsPupilRadio/UniServerZ/www/index.php' not found or unable to stat
[Fri Apr 24 13:29:31.890376 2015] [core:warn] [pid 6664:tid 312] AH00098: pid file C:/Users/Daniel/Documents/BITS/UniServerZ/core/apache2/logs/httpd.pid overwritten -- Unclean shutdown of previous Apache run?
[Fri Apr 24 13:29:32.781228 2015] [mpm_winnt:notice] [pid 6664:tid 312] AH00455: Apache/2.4.12 (Win32) PHP/5.4.39 configured -- resuming normal operations
[Fri Apr 24 13:29:32.781228 2015] [mpm_winnt:notice] [pid 6664:tid 312] AH00456: Apache Lounge VC10 Server built: Mar 22 2015 13:04:01
[Fri Apr 24 13:29:32.781228 2015] [core:notice] [pid 6664:tid 312] AH00094: Command line: 'C:\\Users\\Daniel\\Documents\\BITS\\UniServerZ\\core\\apache2\\bin\\httpd_z.exe -d C:/Users/Daniel/Documents/BITS/UniServerZ/core/apache2 -f C:\\Users\\Daniel\\Documents\\BITS\\UniServerZ\\core\\apache2\\conf\\httpd.conf -d C:\\Users\\Daniel\\Documents\\BITS\\UniServerZ\\core\\apache2'
[Fri Apr 24 13:29:32.796853 2015] [mpm_winnt:notice] [pid 6664:tid 312] AH00418: Parent: Created child process 1228
[Fri Apr 24 13:29:34.156293 2015] [mpm_winnt:notice] [pid 1228:tid 656] AH00354: Child: Starting 150 worker threads.
[Fri Apr 24 13:29:38.523623 2015] [:error] [pid 1228:tid 1872] [client ::1:49346] script 'C:/Users/Daniel/Documents/BITS/UniServerZ/www/index.php' not found or unable to stat
